<?xml version="1.0" encoding="UTF-8"?>
<testsuite xmlns:xsi="http://www.w3.org/2001/XMLSchema-instance" xsi:noNamespaceSchemaLocation="https://maven.apache.org/surefire/maven-surefire-plugin/xsd/surefire-test-report-3.0.xsd" version="3.0" name="com.maxit.maxit221.Maxit221ApplicationTests" time="4.863" tests="1" errors="0" skipped="0" failures="0">
  <properties>
[...]
</properties>
  <testcase name="contextLoads" classname="com.maxit.maxit221.Maxit221ApplicationTests" time="0.409">
    <system-out><![CDATA[Standard Commons Logging discovery in action with spring-jcl: please remove commons-logging.jar from classpath in order to avoid potential conflicts
08:33:57.011 [main] INFO org.springframework.test.context.support.AnnotationConfigContextLoaderUtils -- Could not detect default configuration classes for test class [com.maxit.maxit221.Maxit221ApplicationTests]: Maxit221ApplicationTests does not declare any static, non-private, non-final, nested classes annotated with @Configuration.
08:33:57.130 [main] INFO org.springframework.boot.test.context.SpringBootTestContextBootstrapper -- Found @SpringBootConfiguration com.maxit.maxit221.Maxit221Application for test class com.maxit.maxit221.Maxit221ApplicationTests

  .   ____          _            __ _ _
 /\\ / ___'_ __ _ _(_)_ __  __ _ \ \ \ \
( ( )\___ | '_ | '_| | '_ \/ _` | \ \ \ \
 \\/  ___)| |_)| | | | | || (_| |  ) ) ) )
  '  |____| .__|_| |_|_| |_\__, | / / / /
 =========|_|==============|___/=/_/_/_/
 :: Spring Boot ::                (v3.2.0)

2025-08-07T08:33:57.429Z  INFO 47403 --- [           main] c.m.maxit221.Maxit221ApplicationTests    : Starting Maxit221ApplicationTests using Java 17.0.15 with PID 47403 (started by sidydiopbalde in /var/www/html/maxit-221-complete/maxit-221)
2025-08-07T08:33:57.430Z DEBUG 47403 --- [           main] c.m.maxit221.Maxit221ApplicationTests    : Running with Spring Boot v3.2.0, Spring v6.1.1
2025-08-07T08:33:57.430Z  INFO 47403 --- [           main] c.m.maxit221.Maxit221ApplicationTests    : No active profile set, falling back to 1 default profile: "default"
2025-08-07T08:33:57.450Z DEBUG 47403 --- [           main] o.s.w.c.s.GenericWebApplicationContext   : Refreshing org.springframework.web.context.support.GenericWebApplicationContext@4a325eb9
2025-08-07T08:33:58.088Z  INFO 47403 --- [           main] .s.d.r.c.RepositoryConfigurationDelegate : Bootstrapping Spring Data JPA repositories in DEFAULT mode.
2025-08-07T08:33:58.218Z  INFO 47403 --- [           main] .s.d.r.c.RepositoryConfigurationDelegate : Finished Spring Data repository scanning in 121 ms. Found 4 JPA repository interfaces.
2025-08-07T08:33:58.429Z  INFO 47403 --- [           main] o.s.cloud.context.scope.GenericScope     : BeanFactory id=ca821434-8010-32db-83e7-9b8060fe61a2
2025-08-07T08:33:58.676Z  INFO 47403 --- [           main] o.hibernate.jpa.internal.util.LogHelper  : HHH000204: Processing PersistenceUnitInfo [name: default]
2025-08-07T08:33:58.738Z  INFO 47403 --- [           main] org.hibernate.Version                    : HHH000412: Hibernate ORM core version 6.3.1.Final
2025-08-07T08:33:58.775Z  INFO 47403 --- [           main] o.h.c.internal.RegionFactoryInitiator    : HHH000026: Second-level cache disabled
2025-08-07T08:33:58.979Z  INFO 47403 --- [           main] o.s.o.j.p.SpringPersistenceUnitInfo      : No LoadTimeWeaver setup: ignoring JPA class transformer
2025-08-07T08:33:59.006Z  INFO 47403 --- [           main] com.zaxxer.hikari.HikariDataSource       : HikariPool-1 - Starting...
2025-08-07T08:33:59.172Z  INFO 47403 --- [           main] com.zaxxer.hikari.pool.HikariPool        : HikariPool-1 - Added connection conn0: url=jdbc:h2:mem:testdb user=SIDIDIOP
2025-08-07T08:33:59.173Z  INFO 47403 --- [           main] com.zaxxer.hikari.HikariDataSource       : HikariPool-1 - Start completed.
2025-08-07T08:33:59.184Z  WARN 47403 --- [           main] org.hibernate.dialect.Dialect            : HHH000511: The 2.2.0 version for [org.hibernate.dialect.PostgreSQLDialect] is no longer supported, hence certain features may not work properly. The minimum supported version is 11.0.0. Check the community dialects project for available legacy versions.
2025-08-07T08:33:59.186Z  WARN 47403 --- [           main] org.hibernate.orm.deprecation            : HHH90000025: PostgreSQLDialect does not need to be specified explicitly using 'hibernate.dialect' (remove the property setting and it will be selected by default)
2025-08-07T08:33:59.732Z  INFO 47403 --- [           main] o.h.e.t.j.p.i.JtaPlatformInitiator       : HHH000489: No JTA platform available (set 'hibernate.transaction.jta.platform' to enable JTA platform integration)
Hibernate: 
    alter table if exists compte 
       drop constraint if exists FK5qv5tcfmwu2mli0brm27y13gl
Hibernate: 
    alter table if exists compte 
       drop constraint if exists FKm0wyihrfc5hunsrhtyq3j29wh
Hibernate: 
    alter table if exists demande_annulation 
       drop constraint if exists FKn022bbhrlb2lwoqd0j6plto5j
Hibernate: 
    alter table if exists demande_annulation 
       drop constraint if exists FKn2yoycep8f948bdvi9foeqaok
Hibernate: 
    alter table if exists demande_annulation 
       drop constraint if exists FKhlu3fca3qg7mq2genhapgs1pp
Hibernate: 
    alter table if exists transaction 
       drop constraint if exists FK73s7qa9u0pudjkp3fiawobsnw
Hibernate: 
    alter table if exists transaction 
       drop constraint if exists FKiepcip15pje3m0dkrx1gvwk6y
Hibernate: 
    drop table if exists client cascade
Hibernate: 
    drop table if exists compte cascade
Hibernate: 
    drop table if exists demande_annulation cascade
Hibernate: 
    drop table if exists transaction cascade
Hibernate: 
    create table client (
        is_active boolean,
        is_verified boolean,
        code_expiration timestamp(6),
        created_at timestamp(6),
        id bigserial not null,
        updated_at timestamp(6),
        adresse varchar(255) not null,
        code_authentification varchar(255),
        nci varchar(255) not null unique,
        nom varchar(255) not null,
        photo_url varchar(255),
        piece_identite_url varchar(255),
        prenom varchar(255) not null,
        telephone varchar(255) not null unique,
        primary key (id)
    )
Hibernate: 
    create table compte (
        is_active boolean,
        is_blocked boolean,
        solde numeric(15,2) not null,
        blocked_until timestamp(6),
        client_id bigint not null,
        compte_principal_id bigint,
        created_at timestamp(6),
        id bigserial not null,
        updated_at timestamp(6),
        blocked_reason varchar(255),
        numero_compte varchar(255) not null unique,
        type_compte varchar(255) not null check (type_compte in ('PRINCIPAL','SOUS_COMPTE')),
        primary key (id)
    )
Hibernate: 
    create table demande_annulation (
        created_at timestamp(6),
        date_traitement timestamp(6),
        demandeur_id bigint not null,
        id bigserial not null,
        traite_par_id bigint,
        transaction_id bigint not null unique,
        updated_at timestamp(6),
        motif_demande varchar(255),
        motif_rejet varchar(255),
        reference varchar(255) not null unique,
        statut varchar(255) not null check (statut in ('EN_ATTENTE','APPROUVEE','REJETEE','TRAITEE')),
        primary key (id)
    )
Hibernate: 
    create table transaction (
        frais numeric(15,2),
        frais_pris_en_charge boolean,
        is_recurrent boolean,
        montant numeric(15,2) not null,
        montant_total numeric(15,2),
        compte_destination_id bigint,
        compte_source_id bigint,
        created_at timestamp(6),
        date_execution timestamp(6),
        date_planifiee timestamp(6),
        id bigserial not null,
        prochaine_execution timestamp(6),
        updated_at timestamp(6),
        code_woyofal varchar(255),
        description varchar(255),
        frequence_recurrence varchar(255),
        motif varchar(255),
        nom_beneficiaire varchar(255),
        numero_externe varchar(255),
        reference varchar(255) not null unique,
        statut varchar(255) not null check (statut in ('EN_ATTENTE','VALIDEE','EXECUTEE','ECHOUEE','ANNULEE','PLANIFIEE','EN_COURS_ANNULATION')),
        statut_woyofal varchar(255),
        type_transaction varchar(255) not null check (type_transaction in ('DEPOT','RETRAIT','TRANSFERT_INTERNE','TRANSFERT_EXTERNE','PAIEMENT','ACHAT_WOYOFAL')),
        primary key (id)
    )
Hibernate: 
    alter table if exists compte 
       add constraint FK5qv5tcfmwu2mli0brm27y13gl 
       foreign key (client_id) 
       references client
Hibernate: 
    alter table if exists compte 
       add constraint FKm0wyihrfc5hunsrhtyq3j29wh 
       foreign key (compte_principal_id) 
       references compte
Hibernate: 
    alter table if exists demande_annulation 
       add constraint FKn022bbhrlb2lwoqd0j6plto5j 
       foreign key (demandeur_id) 
       references client
Hibernate: 
    alter table if exists demande_annulation 
       add constraint FKn2yoycep8f948bdvi9foeqaok 
       foreign key (traite_par_id) 
       references client
Hibernate: 
    alter table if exists demande_annulation 
       add constraint FKhlu3fca3qg7mq2genhapgs1pp 
       foreign key (transaction_id) 
       references transaction
Hibernate: 
    alter table if exists transaction 
       add constraint FK73s7qa9u0pudjkp3fiawobsnw 
       foreign key (compte_destination_id) 
       references compte
Hibernate: 
    alter table if exists transaction 
       add constraint FKiepcip15pje3m0dkrx1gvwk6y 
       foreign key (compte_source_id) 
       references compte
2025-08-07T08:33:59.788Z  INFO 47403 --- [           main] j.LocalContainerEntityManagerFactoryBean : Initialized JPA EntityManagerFactory for persistence unit 'default'
2025-08-07T08:33:59.979Z  INFO 47403 --- [           main] o.s.d.j.r.query.QueryEnhancerFactory     : Hibernate is in classpath; If applicable, HQL parser will be used.
2025-08-07T08:34:00.519Z  WARN 47403 --- [           main] JpaBaseConfiguration$JpaWebConfiguration : spring.jpa.open-in-view is enabled by default. Therefore, database queries may be performed during view rendering. Explicitly configure spring.jpa.open-in-view to disable this warning
2025-08-07T08:34:00.974Z DEBUG 47403 --- [           main] s.w.s.m.m.a.RequestMappingHandlerMapping : 13 mappings in 'requestMappingHandlerMapping'
2025-08-07T08:34:01.019Z DEBUG 47403 --- [           main] o.s.w.s.handler.SimpleUrlHandlerMapping  : Patterns [/webjars/**, /**, /swagger-ui*/*swagger-initializer.js, /swagger-ui*/**] in 'resourceHandlerMapping'
2025-08-07T08:34:01.045Z DEBUG 47403 --- [           main] s.w.s.m.m.a.RequestMappingHandlerAdapter : ControllerAdvice beans: 0 @ModelAttribute, 0 @InitBinder, 1 RequestBodyAdvice, 1 ResponseBodyAdvice
2025-08-07T08:34:01.070Z DEBUG 47403 --- [           main] .m.m.a.ExceptionHandlerExceptionResolver : ControllerAdvice beans: 1 @ExceptionHandler, 1 ResponseBodyAdvice
2025-08-07T08:34:01.300Z  INFO 47403 --- [           main] c.m.maxit221.Maxit221ApplicationTests    : Started Maxit221ApplicationTests in 4.066 seconds (process running for 4.851)
]]></system-out>
  </testcase>
</testsuite>